17/03/21 15:37:57 INFO  - user01@naver.com님이 selectFriendList.n 요청
17/03/21 15:37:57 INFO  - user01@naver.com님이 selectFriendList.n 요청
17/03/21 15:38:06 INFO  - user01@naver.com님이 headmsglist.j 요청
17/03/21 15:38:06 INFO  - user01@naver.com님이 headmsglist.j 요청
17/03/21 15:38:13 INFO  - user01@naver.com님이 headmsglist.j 요청
17/03/21 15:38:13 INFO  - user01@naver.com님이 headmsglist.j 요청
17/03/21 15:38:14 INFO  - user01@naver.com님이 headmsglist.j 요청
17/03/21 15:38:14 INFO  - user01@naver.com님이 headmsglist.j 요청
17/03/21 15:38:17 INFO  - user01@naver.com님이 headmsglist.j 요청
17/03/21 15:38:17 INFO  - user01@naver.com님이 headmsglist.j 요청
17/03/21 15:38:24 INFO  - user01@naver.com님이 headmsglist.j 요청
17/03/21 15:38:24 INFO  - user01@naver.com님이 headmsglist.j 요청
17/03/21 15:38:25 INFO  - user01@naver.com님이 headmsglist.j 요청
17/03/21 15:38:25 INFO  - user01@naver.com님이 headmsglist.j 요청
17/03/21 15:38:30 INFO  - user01@naver.com님이 headmsglist.j 요청
17/03/21 15:38:30 INFO  - user01@naver.com님이 headmsglist.j 요청
17/03/21 15:47:59 INFO  - user01@naver.com님이 headmsglist.j 요청
17/03/21 15:47:59 INFO  - user01@naver.com님이 headmsglist.j 요청
17/03/21 15:48:03 INFO  - user01@naver.com님이 selectFriendList.n 요청
17/03/21 15:48:03 INFO  - user01@naver.com님이 selectFriendList.n 요청
17/03/21 15:48:19 INFO  - user01@naver.com님이 headmsglist.j 요청
17/03/21 15:48:19 INFO  - user01@naver.com님이 headmsglist.j 요청
17/03/21 15:48:23 INFO  - user01@naver.com님이 selectFriendList.n 요청
17/03/21 15:48:23 INFO  - user01@naver.com님이 selectFriendList.n 요청
17/03/21 15:48:23 INFO  - user01@naver.com님이 headmsglist.j 요청
17/03/21 15:48:23 INFO  - user01@naver.com님이 headmsglist.j 요청
17/03/21 16:38:15 INFO  - user01@naver.com님이 selectFriendList.n 요청
17/03/21 16:38:15 INFO  - user01@naver.com님이 selectFriendList.n 요청
17/03/21 16:38:17 INFO  - user01@naver.com님이 headmsglist.j 요청
17/03/21 16:38:17 INFO  - user01@naver.com님이 headmsglist.j 요청
17/03/21 16:38:18 INFO  - user01@naver.com님이 headmsglist.j 요청
17/03/21 16:38:18 INFO  - user01@naver.com님이 headmsglist.j 요청
17/03/21 16:38:22 INFO  - user01@naver.com님이 headmsglist.j 요청
17/03/21 16:38:22 INFO  - user01@naver.com님이 headmsglist.j 요청
17/03/21 16:38:22 INFO  - user01@naver.com님이 headmsglist.j 요청
17/03/21 16:38:22 INFO  - user01@naver.com님이 headmsglist.j 요청
17/03/21 16:38:24 INFO  - user01@naver.com님이 headmsglist.j 요청
17/03/21 16:38:24 INFO  - user01@naver.com님이 headmsglist.j 요청
17/03/21 16:38:25 INFO  - user01@naver.com님이 headmsglist.j 요청
17/03/21 16:38:25 INFO  - user01@naver.com님이 headmsglist.j 요청
17/03/21 16:38:27 INFO  - user01@naver.com님이 headmsglist.j 요청
17/03/21 16:38:27 INFO  - user01@naver.com님이 headmsglist.j 요청
17/03/21 16:38:29 INFO  - user01@naver.com님이 totalSearch.n 요청
17/03/21 16:38:29 INFO  - user01@naver.com님이 totalSearch.n 요청
17/03/21 16:40:22 INFO  - user01@naver.com님이 headmsglist.j 요청
17/03/21 16:40:22 INFO  - user01@naver.com님이 headmsglist.j 요청
17/03/21 16:40:23 INFO  - user01@naver.com님이 headmsglist.j 요청
17/03/21 16:40:23 INFO  - user01@naver.com님이 headmsglist.j 요청
17/03/21 16:40:28 INFO  - user01@naver.com님이 headmsglist.j 요청
17/03/21 16:40:28 INFO  - user01@naver.com님이 headmsglist.j 요청
17/03/21 16:40:33 INFO  - user01@naver.com님이 headmsglist.j 요청
17/03/21 16:40:33 INFO  - user01@naver.com님이 headmsglist.j 요청
17/03/21 16:40:34 INFO  - user01@naver.com님이 headmsglist.j 요청
17/03/21 16:40:34 INFO  - user01@naver.com님이 headmsglist.j 요청
17/03/21 16:40:35 INFO  - user01@naver.com님이 headmsglist.j 요청
17/03/21 16:40:35 INFO  - user01@naver.com님이 headmsglist.j 요청
17/03/21 16:40:58 INFO  - user01@naver.com님이 headmsglist.j 요청
17/03/21 16:40:58 INFO  - user01@naver.com님이 headmsglist.j 요청
17/03/21 16:53:19 INFO  - user01@naver.com님이 selectFriendList.n 요청
17/03/21 16:53:19 INFO  - user01@naver.com님이 selectFriendList.n 요청
17/03/21 16:53:28 INFO  - user01@naver.com님이 headmsglist.j 요청
17/03/21 16:53:29 INFO  - user01@naver.com님이 headmsglist.j 요청
17/03/21 16:53:30 INFO  - user01@naver.com님이 headmsglist.j 요청
17/03/21 16:53:30 INFO  - user01@naver.com님이 headmsglist.j 요청
17/03/21 16:54:32 INFO  - user01@naver.com님이 selectFriendList.n 요청
17/03/21 16:54:32 INFO  - user01@naver.com님이 selectFriendList.n 요청
17/03/21 16:54:35 INFO  - user01@naver.com님이 headmsglist.j 요청
17/03/21 16:54:35 INFO  - user01@naver.com님이 headmsglist.j 요청
17/03/21 16:54:35 INFO  - user01@naver.com님이 headmsglist.j 요청
17/03/21 16:54:35 INFO  - user01@naver.com님이 headmsglist.j 요청
17/03/21 16:54:43 INFO  - user01@naver.com님이 headmsglist.j 요청
17/03/21 16:54:43 INFO  - user01@naver.com님이 headmsglist.j 요청
17/03/21 16:54:47 INFO  - user01@naver.com님이 headmsglist.j 요청
17/03/21 16:54:47 INFO  - user01@naver.com님이 headmsglist.j 요청
17/03/21 16:54:50 INFO  - user01@naver.com님이 headmsglist.j 요청
17/03/21 16:54:50 INFO  - user01@naver.com님이 headmsglist.j 요청
17/03/21 16:54:50 INFO  - user01@naver.com님이 headmsglist.j 요청
17/03/21 16:54:50 INFO  - user01@naver.com님이 headmsglist.j 요청
17/03/21 16:54:59 INFO  - user01@naver.com님이 headmsglist.j 요청
17/03/21 16:54:59 INFO  - user01@naver.com님이 headmsglist.j 요청
17/03/21 17:07:19 INFO  - user01@naver.com님이 brodcasting.j 요청
17/03/21 17:07:19 INFO  - user01@naver.com님이 brodcasting.j 요청
17/03/21 17:08:35 INFO  - user01@naver.com님이 brodcasting.j 요청
17/03/21 17:08:35 INFO  - user01@naver.com님이 brodcasting.j 요청
17/03/21 17:09:30 INFO  - user01@naver.com님이 brodcasting.j 요청
17/03/21 17:09:30 INFO  - user01@naver.com님이 brodcasting.j 요청
17/03/21 17:19:37 INFO  - user01@naver.com님이 brodcasting.j 요청
17/03/21 17:19:37 INFO  - user01@naver.com님이 brodcasting.j 요청
17/03/21 17:19:39 INFO  - user01@naver.com님이 brodcasting.j 요청
17/03/21 17:19:39 INFO  - user01@naver.com님이 brodcasting.j 요청
17/03/21 17:20:22 INFO  - user01@naver.com님이 brodcasting.j 요청
17/03/21 17:20:22 INFO  - user01@naver.com님이 brodcasting.j 요청
17/03/21 17:20:36 INFO  - user01@naver.com님이 brodcasting.j 요청
17/03/21 17:20:36 INFO  - user01@naver.com님이 brodcasting.j 요청
17/03/21 17:21:00 INFO  - user01@naver.com님이 selectFriendList.n 요청
17/03/21 17:21:00 INFO  - user01@naver.com님이 selectFriendList.n 요청
17/03/21 17:21:19 INFO  - user01@naver.com님이 selectGroupList.y 요청
17/03/21 17:21:19 INFO  - user01@naver.com님이 selectGroupList.y 요청
17/03/21 17:21:38 INFO  - user01@naver.com님이 headmsglist.j 요청
17/03/21 17:21:38 INFO  - user01@naver.com님이 headmsglist.j 요청
17/03/21 17:21:42 INFO  - user01@naver.com님이 headmsglist.j 요청
17/03/21 17:21:42 INFO  - user01@naver.com님이 headmsglist.j 요청
17/03/21 17:23:42 INFO  - user01@naver.com님이 headmsglist.j 요청
17/03/21 17:23:42 INFO  - user01@naver.com님이 headmsglist.j 요청
17/03/21 17:23:42 INFO  - user01@naver.com님이 msgreadlist.j 요청
17/03/21 17:23:42 INFO  - user01@naver.com님이 msgreadlist.j 요청
17/03/21 17:23:44 INFO  - user01@naver.com님이 headmsglist.j 요청
17/03/21 17:23:44 INFO  - user01@naver.com님이 headmsglist.j 요청
17/03/21 17:23:44 INFO  - user01@naver.com님이 msgreadlist.j 요청
17/03/21 17:23:44 INFO  - user01@naver.com님이 msgreadlist.j 요청
17/03/21 17:23:44 INFO  - user01@naver.com님이 headmsglist.j 요청
17/03/21 17:23:44 INFO  - user01@naver.com님이 headmsglist.j 요청
17/03/21 17:25:21 INFO  - user01@naver.com님이 selectFriendList.n 요청
17/03/21 17:25:21 INFO  - user01@naver.com님이 selectFriendList.n 요청
17/03/21 17:25:29 INFO  - user01@naver.com님이 selectGroupList.y 요청
17/03/21 17:25:29 INFO  - user01@naver.com님이 selectGroupList.y 요청
17/03/21 17:37:39 INFO  - user01@naver.com님이 selectFriendList.n 요청
17/03/21 17:37:39 INFO  - user01@naver.com님이 selectFriendList.n 요청
17/03/21 17:37:40 INFO  - user01@naver.com님이 brodcasting.j 요청
17/03/21 17:37:40 INFO  - user01@naver.com님이 brodcasting.j 요청
17/03/21 17:37:41 INFO  - user01@naver.com님이 brodcasting.j 요청
17/03/21 17:37:41 INFO  - user01@naver.com님이 brodcasting.j 요청
17/03/21 17:39:51 INFO  - user01@naver.com님이 brodcasting.j 요청
17/03/21 17:39:51 INFO  - user01@naver.com님이 brodcasting.j 요청
17/03/21 17:39:52 INFO  - user01@naver.com님이 brodcasting.j 요청
17/03/21 17:39:52 INFO  - user01@naver.com님이 brodcasting.j 요청
17/03/21 17:39:52 INFO  - user01@naver.com님이 brodcasting.j 요청
17/03/21 17:39:52 INFO  - user01@naver.com님이 brodcasting.j 요청
17/03/21 17:39:54 INFO  - user01@naver.com님이 brodcasting.j 요청
17/03/21 17:39:54 INFO  - user01@naver.com님이 brodcasting.j 요청
17/03/21 17:40:29 INFO  - user01@naver.com님이 brodcasting.j 요청
17/03/21 17:40:29 INFO  - user01@naver.com님이 brodcasting.j 요청
17/03/21 17:40:29 INFO  - user01@naver.com님이 brodcasting.j 요청
17/03/21 17:40:29 INFO  - user01@naver.com님이 brodcasting.j 요청
17/03/21 17:40:30 INFO  - user01@naver.com님이 brodcasting.j 요청
17/03/21 17:40:30 INFO  - user01@naver.com님이 brodcasting.j 요청
17/03/21 17:40:39 INFO  - user01@naver.com님이 brodcasting.j 요청
17/03/21 17:40:39 INFO  - user01@naver.com님이 brodcasting.j 요청
17/03/21 17:40:49 INFO  - user01@naver.com님이 brodcasting.j 요청
17/03/21 17:40:49 INFO  - user01@naver.com님이 brodcasting.j 요청
17/03/21 17:41:11 INFO  - user01@naver.com님이 brodcasting.j 요청
17/03/21 17:41:11 INFO  - user01@naver.com님이 brodcasting.j 요청
17/03/21 17:41:35 INFO  - user01@naver.com님이 brodcasting.j 요청
17/03/21 17:41:35 INFO  - user01@naver.com님이 brodcasting.j 요청
17/03/21 17:41:45 INFO  - user01@naver.com님이 brodcasting.j 요청
17/03/21 17:41:45 INFO  - user01@naver.com님이 brodcasting.j 요청
17/03/21 17:42:17 INFO  - user01@naver.com님이 brodcasting.j 요청
17/03/21 17:42:17 INFO  - user01@naver.com님이 brodcasting.j 요청
17/03/21 17:43:18 INFO  - user01@naver.com님이 brodcasting.j 요청
17/03/21 17:43:18 INFO  - user01@naver.com님이 brodcasting.j 요청
17/03/21 17:43:19 INFO  - user01@naver.com님이 brodcasting.j 요청
17/03/21 17:43:19 INFO  - user01@naver.com님이 brodcasting.j 요청
17/03/21 17:43:48 INFO  - user01@naver.com님이 brodcasting.j 요청
17/03/21 17:43:48 INFO  - user01@naver.com님이 brodcasting.j 요청
17/03/21 17:43:49 INFO  - user01@naver.com님이 brodcasting.j 요청
17/03/21 17:43:49 INFO  - user01@naver.com님이 brodcasting.j 요청
17/03/21 17:43:49 INFO  - user01@naver.com님이 brodcasting.j 요청
17/03/21 17:43:49 INFO  - user01@naver.com님이 brodcasting.j 요청
17/03/21 17:43:50 INFO  - user01@naver.com님이 brodcasting.j 요청
17/03/21 17:43:50 INFO  - user01@naver.com님이 brodcasting.j 요청
17/03/21 17:43:51 INFO  - user01@naver.com님이 brodcasting.j 요청
17/03/21 17:43:51 INFO  - user01@naver.com님이 brodcasting.j 요청
17/03/21 17:43:57 INFO  - user01@naver.com님이 brodcasting.j 요청
17/03/21 17:43:57 INFO  - user01@naver.com님이 brodcasting.j 요청
17/03/21 17:44:04 INFO  - user01@naver.com님이 brodcasting.j 요청
17/03/21 17:44:04 INFO  - user01@naver.com님이 brodcasting.j 요청
17/03/21 17:44:08 INFO  - user01@naver.com님이 brodcasting.j 요청
17/03/21 17:44:08 INFO  - user01@naver.com님이 brodcasting.j 요청
17/03/21 17:44:09 INFO  - user01@naver.com님이 brodcasting.j 요청
17/03/21 17:44:09 INFO  - user01@naver.com님이 brodcasting.j 요청
17/03/21 17:44:13 INFO  - user01@naver.com님이 brodcasting.j 요청
17/03/21 17:44:13 INFO  - user01@naver.com님이 brodcasting.j 요청
17/03/21 17:45:23 INFO  - user01@naver.com님이 brodcasting.j 요청
17/03/21 17:45:23 INFO  - user01@naver.com님이 brodcasting.j 요청
17/03/21 17:46:29 INFO  - user01@naver.com님이 brodcasting.j 요청
17/03/21 17:46:29 INFO  - user01@naver.com님이 brodcasting.j 요청
17/03/21 17:46:31 INFO  - user01@naver.com님이 brodcasting.j 요청
17/03/21 17:46:31 INFO  - user01@naver.com님이 brodcasting.j 요청
17/03/21 17:46:32 INFO  - user01@naver.com님이 brodcasting.j 요청
17/03/21 17:46:32 INFO  - user01@naver.com님이 brodcasting.j 요청
17/03/21 17:46:32 INFO  - user01@naver.com님이 brodcasting.j 요청
17/03/21 17:46:32 INFO  - user01@naver.com님이 brodcasting.j 요청
17/03/21 17:47:02 INFO  - user01@naver.com님이 brodcasting.j 요청
17/03/21 17:47:02 INFO  - user01@naver.com님이 brodcasting.j 요청
17/03/21 17:47:35 INFO  - user01@naver.com님이 selectFriendList.n 요청
17/03/21 17:47:35 INFO  - user01@naver.com님이 selectFriendList.n 요청
17/03/21 17:47:36 INFO  - user01@naver.com님이 brodcasting.j 요청
17/03/21 17:47:36 INFO  - user01@naver.com님이 brodcasting.j 요청
17/03/21 17:47:52 INFO  - user01@naver.com님이 brodcasting.j 요청
17/03/21 17:47:52 INFO  - user01@naver.com님이 brodcasting.j 요청
17/03/21 17:49:37 INFO  - user01@naver.com님이 brodcasting.j 요청
17/03/21 17:49:37 INFO  - user01@naver.com님이 brodcasting.j 요청
17/03/21 17:51:24 INFO  - user01@naver.com님이 brodcasting.j 요청
17/03/21 17:51:24 INFO  - user01@naver.com님이 brodcasting.j 요청
17/03/21 17:52:07 INFO  - user02@naver.com님이 selectFriendList.n 요청
17/03/21 17:52:07 INFO  - user02@naver.com님이 selectFriendList.n 요청
17/03/21 17:52:08 INFO  - user02@naver.com님이 brodcasting.j 요청
17/03/21 17:52:08 INFO  - user02@naver.com님이 brodcasting.j 요청
17/03/21 17:53:29 INFO  - user02@naver.com님이 brodcasting.j 요청
17/03/21 17:53:29 INFO  - user02@naver.com님이 brodcasting.j 요청
17/03/21 17:53:32 INFO  - user02@naver.com님이 brodcasting.j 요청
17/03/21 17:53:32 INFO  - user02@naver.com님이 brodcasting.j 요청
17/03/21 17:54:20 INFO  - user01@naver.com님이 selectFriendList.n 요청
17/03/21 17:54:20 INFO  - user01@naver.com님이 selectFriendList.n 요청
17/03/21 17:54:25 INFO  - user02@naver.com님이 selectFriendList.n 요청
17/03/21 17:54:25 INFO  - user02@naver.com님이 selectFriendList.n 요청
17/03/21 17:54:30 INFO  - user02@naver.com님이 brodcasting.j 요청
17/03/21 17:54:30 INFO  - user02@naver.com님이 brodcasting.j 요청
17/03/21 17:54:32 INFO  - user02@naver.com님이 brodcasting.j 요청
17/03/21 17:54:32 INFO  - user02@naver.com님이 brodcasting.j 요청
17/03/21 17:56:43 INFO  - user01@naver.com님이 selectFriendList.n 요청
17/03/21 17:56:43 INFO  - user01@naver.com님이 selectFriendList.n 요청
17/03/21 17:56:44 INFO  - user01@naver.com님이 brodcasting.j 요청
17/03/21 17:56:44 INFO  - user01@naver.com님이 brodcasting.j 요청
17/03/21 17:56:57 INFO  - user02@naver.com님이 selectFriendList.n 요청
17/03/21 17:56:57 INFO  - user02@naver.com님이 selectFriendList.n 요청
17/03/21 17:56:58 INFO  - user02@naver.com님이 brodcasting.j 요청
17/03/21 17:56:58 INFO  - user02@naver.com님이 brodcasting.j 요청
17/03/21 17:59:12 INFO  - user02@naver.com님이 brodcasting.j 요청
17/03/21 17:59:12 INFO  - user02@naver.com님이 brodcasting.j 요청
17/03/21 17:59:23 INFO  - user02@naver.com님이 brodcasting.j 요청
17/03/21 17:59:23 INFO  - user02@naver.com님이 brodcasting.j 요청
17/03/21 17:59:32 INFO  - user02@naver.com님이 brodcasting.j 요청
17/03/21 17:59:32 INFO  - user02@naver.com님이 brodcasting.j 요청
17/03/21 17:59:48 INFO  - user02@naver.com님이 brodcasting.j 요청
17/03/21 17:59:48 INFO  - user02@naver.com님이 brodcasting.j 요청
17/03/21 18:00:14 INFO  - user02@naver.com님이 brodcasting.j 요청
17/03/21 18:00:14 INFO  - user02@naver.com님이 brodcasting.j 요청
17/03/21 18:01:59 INFO  - user02@naver.com님이 brodcasting.j 요청
17/03/21 18:01:59 INFO  - user02@naver.com님이 brodcasting.j 요청
17/03/21 18:02:03 INFO  - user02@naver.com님이 brodcasting.j 요청
17/03/21 18:02:03 INFO  - user02@naver.com님이 brodcasting.j 요청
17/03/21 18:02:32 INFO  - user02@naver.com님이 brodcasting.j 요청
17/03/21 18:02:32 INFO  - user02@naver.com님이 brodcasting.j 요청
17/03/21 18:02:41 INFO  - user02@naver.com님이 brodcasting.j 요청
17/03/21 18:02:41 INFO  - user02@naver.com님이 brodcasting.j 요청
17/03/21 18:02:48 INFO  - user02@naver.com님이 brodcasting.j 요청
17/03/21 18:02:48 INFO  - user02@naver.com님이 brodcasting.j 요청
17/03/21 18:02:57 INFO  - user02@naver.com님이 brodcasting.j 요청
17/03/21 18:02:57 INFO  - user02@naver.com님이 brodcasting.j 요청
17/03/21 18:02:58 INFO  - user02@naver.com님이 brodcasting.j 요청
17/03/21 18:02:58 INFO  - user02@naver.com님이 brodcasting.j 요청
17/03/21 18:03:07 INFO  - user02@naver.com님이 brodcasting.j 요청
17/03/21 18:03:07 INFO  - user02@naver.com님이 brodcasting.j 요청
17/03/21 18:06:38 INFO  - user02@naver.com님이 brodcasting.j 요청
17/03/21 18:06:38 INFO  - user02@naver.com님이 brodcasting.j 요청
17/03/21 18:07:57 INFO  - user02@naver.com님이 brodcasting.j 요청
17/03/21 18:07:57 INFO  - user02@naver.com님이 brodcasting.j 요청
17/03/21 18:07:58 INFO  - user02@naver.com님이 brodcasting.j 요청
17/03/21 18:07:58 INFO  - user02@naver.com님이 brodcasting.j 요청
17/03/21 18:08:25 INFO  - user01@naver.com님이 selectFriendList.n 요청
17/03/21 18:08:25 INFO  - user01@naver.com님이 selectFriendList.n 요청
17/03/21 18:08:26 INFO  - user01@naver.com님이 brodcasting.j 요청
17/03/21 18:08:26 INFO  - user01@naver.com님이 brodcasting.j 요청
17/03/21 18:08:56 INFO  - user01@naver.com님이 brodcasting.j 요청
17/03/21 18:08:56 INFO  - user01@naver.com님이 brodcasting.j 요청
17/03/21 18:09:23 INFO  - user01@naver.com님이 brodcasting.j 요청
17/03/21 18:09:23 INFO  - user01@naver.com님이 brodcasting.j 요청
17/03/21 18:09:43 INFO  - user01@naver.com님이 brodcasting.j 요청
17/03/21 18:09:43 INFO  - user01@naver.com님이 brodcasting.j 요청
17/03/21 18:51:08 INFO  - user01@naver.com님이 selectFriendList.n 요청
17/03/21 18:51:08 INFO  - user01@naver.com님이 selectFriendList.n 요청
17/03/21 18:51:10 INFO  - user01@naver.com님이 brodcasting.j 요청
17/03/21 18:51:10 INFO  - user01@naver.com님이 brodcasting.j 요청
17/03/21 18:54:22 INFO  - user01@naver.com님이 brodcasting.j 요청
17/03/21 18:54:22 INFO  - user01@naver.com님이 brodcasting.j 요청
17/03/21 18:54:26 INFO  - user01@naver.com님이 brodcasting.j 요청
17/03/21 18:54:26 INFO  - user01@naver.com님이 brodcasting.j 요청
17/03/21 18:54:28 INFO  - user01@naver.com님이 brodcasting.j 요청
17/03/21 18:54:28 INFO  - user01@naver.com님이 brodcasting.j 요청
17/03/21 18:54:29 INFO  - user01@naver.com님이 brodcasting.j 요청
17/03/21 18:54:29 INFO  - user01@naver.com님이 brodcasting.j 요청
17/03/21 18:54:30 INFO  - user01@naver.com님이 brodcasting.j 요청
17/03/21 18:54:30 INFO  - user01@naver.com님이 brodcasting.j 요청
17/03/21 18:54:31 INFO  - user01@naver.com님이 brodcasting.j 요청
17/03/21 18:54:31 INFO  - user01@naver.com님이 brodcasting.j 요청
17/03/21 18:54:32 INFO  - user01@naver.com님이 brodcasting.j 요청
17/03/21 18:54:32 INFO  - user01@naver.com님이 brodcasting.j 요청
17/03/21 18:54:34 INFO  - user01@naver.com님이 brodcasting.j 요청
17/03/21 18:54:34 INFO  - user01@naver.com님이 brodcasting.j 요청
17/03/21 18:54:34 INFO  - user01@naver.com님이 brodcasting.j 요청
17/03/21 18:54:34 INFO  - user01@naver.com님이 brodcasting.j 요청
17/03/21 18:54:46 INFO  - user01@naver.com님이 brodcasting.j 요청
17/03/21 18:54:46 INFO  - user01@naver.com님이 brodcasting.j 요청
17/03/21 18:54:47 INFO  - user01@naver.com님이 brodcasting.j 요청
17/03/21 18:54:47 INFO  - user01@naver.com님이 brodcasting.j 요청
17/03/21 18:54:49 INFO  - user01@naver.com님이 brodcasting.j 요청
17/03/21 18:54:49 INFO  - user01@naver.com님이 brodcasting.j 요청
17/03/21 18:55:15 INFO  - user01@naver.com님이 brodcasting.j 요청
17/03/21 18:55:15 INFO  - user01@naver.com님이 brodcasting.j 요청
17/03/21 18:55:17 INFO  - user01@naver.com님이 brodcasting.j 요청
17/03/21 18:55:17 INFO  - user01@naver.com님이 brodcasting.j 요청
17/03/21 18:55:19 INFO  - user01@naver.com님이 brodcasting.j 요청
17/03/21 18:55:19 INFO  - user01@naver.com님이 brodcasting.j 요청
17/03/21 18:55:36 INFO  - user01@naver.com님이 brodcasting.j 요청
17/03/21 18:55:36 INFO  - user01@naver.com님이 brodcasting.j 요청
17/03/21 18:56:17 INFO  - user01@naver.com님이 brodcasting.j 요청
17/03/21 18:56:17 INFO  - user01@naver.com님이 brodcasting.j 요청
17/03/21 18:56:19 INFO  - user01@naver.com님이 brodcasting.j 요청
17/03/21 18:56:19 INFO  - user01@naver.com님이 brodcasting.j 요청
17/03/21 18:57:18 INFO  - user01@naver.com님이 brodcasting.j 요청
17/03/21 18:57:18 INFO  - user01@naver.com님이 brodcasting.j 요청
17/03/21 18:57:22 INFO  - user01@naver.com님이 brodcasting.j 요청
17/03/21 18:57:22 INFO  - user01@naver.com님이 brodcasting.j 요청
17/03/21 18:58:55 INFO  - user01@naver.com님이 brodcasting.j 요청
17/03/21 18:58:55 INFO  - user01@naver.com님이 brodcasting.j 요청
17/03/21 18:58:56 INFO  - user01@naver.com님이 brodcasting.j 요청
17/03/21 18:58:56 INFO  - user01@naver.com님이 brodcasting.j 요청
17/03/21 18:58:57 INFO  - user01@naver.com님이 brodcasting.j 요청
17/03/21 18:58:57 INFO  - user01@naver.com님이 brodcasting.j 요청
17/03/21 18:58:59 INFO  - user01@naver.com님이 brodcasting.j 요청
17/03/21 18:58:59 INFO  - user01@naver.com님이 brodcasting.j 요청
17/03/21 18:58:59 INFO  - user01@naver.com님이 brodcasting.j 요청
17/03/21 18:58:59 INFO  - user01@naver.com님이 brodcasting.j 요청
17/03/21 18:59:00 INFO  - user01@naver.com님이 brodcasting.j 요청
17/03/21 18:59:00 INFO  - user01@naver.com님이 brodcasting.j 요청
17/03/21 18:59:01 INFO  - user01@naver.com님이 brodcasting.j 요청
17/03/21 18:59:01 INFO  - user01@naver.com님이 brodcasting.j 요청
17/03/21 18:59:02 INFO  - user01@naver.com님이 brodcasting.j 요청
17/03/21 18:59:02 INFO  - user01@naver.com님이 brodcasting.j 요청
17/03/21 18:59:03 INFO  - user01@naver.com님이 brodcasting.j 요청
17/03/21 18:59:03 INFO  - user01@naver.com님이 brodcasting.j 요청
17/03/21 18:59:07 INFO  - user01@naver.com님이 brodcasting.j 요청
17/03/21 18:59:07 INFO  - user01@naver.com님이 brodcasting.j 요청
17/03/21 18:59:21 INFO  - user01@naver.com님이 brodcasting.j 요청
17/03/21 18:59:21 INFO  - user01@naver.com님이 brodcasting.j 요청
17/03/21 18:59:23 INFO  - user01@naver.com님이 brodcasting.j 요청
17/03/21 18:59:23 INFO  - user01@naver.com님이 brodcasting.j 요청
17/03/21 18:59:23 INFO  - user01@naver.com님이 brodcasting.j 요청
17/03/21 18:59:23 INFO  - user01@naver.com님이 brodcasting.j 요청
17/03/21 18:59:25 INFO  - user01@naver.com님이 brodcasting.j 요청
17/03/21 18:59:25 INFO  - user01@naver.com님이 brodcasting.j 요청
17/03/21 18:59:26 INFO  - user01@naver.com님이 brodcasting.j 요청
17/03/21 18:59:26 INFO  - user01@naver.com님이 brodcasting.j 요청
17/03/21 18:59:26 INFO  - user01@naver.com님이 brodcasting.j 요청
17/03/21 18:59:26 INFO  - user01@naver.com님이 brodcasting.j 요청
17/03/21 18:59:43 INFO  - user01@naver.com님이 brodcasting.j 요청
17/03/21 18:59:43 INFO  - user01@naver.com님이 brodcasting.j 요청
17/03/21 19:00:43 INFO  - user01@naver.com님이 brodcasting.j 요청
17/03/21 19:00:43 INFO  - user01@naver.com님이 brodcasting.j 요청
17/03/21 19:01:17 INFO  - user01@naver.com님이 brodcasting.j 요청
17/03/21 19:01:17 INFO  - user01@naver.com님이 brodcasting.j 요청
17/03/21 19:01:23 INFO  - user01@naver.com님이 brodcasting.j 요청
17/03/21 19:01:23 INFO  - user01@naver.com님이 brodcasting.j 요청
17/03/21 19:02:54 INFO  - user01@naver.com님이 brodcasting.j 요청
17/03/21 19:02:54 INFO  - user01@naver.com님이 brodcasting.j 요청
17/03/21 19:13:54 INFO  - user01@naver.com님이 selectFriendList.n 요청
17/03/21 19:13:54 INFO  - user01@naver.com님이 selectFriendList.n 요청
17/03/21 19:13:55 INFO  - user01@naver.com님이 brodcasting.j 요청
17/03/21 19:13:56 INFO  - user01@naver.com님이 brodcasting.j 요청
17/03/21 19:14:02 INFO  - user01@naver.com님이 brodcasting.j 요청
17/03/21 19:14:02 INFO  - user01@naver.com님이 brodcasting.j 요청
17/03/21 19:14:08 INFO  - user01@naver.com님이 brodcasting.j 요청
17/03/21 19:14:08 INFO  - user01@naver.com님이 brodcasting.j 요청
17/03/21 19:15:14 INFO  - user01@naver.com님이 selectGroupList.y 요청
17/03/21 19:15:14 INFO  - user01@naver.com님이 selectGroupList.y 요청
17/03/21 19:15:14 INFO  - user01@naver.com님이 selectFriendList.n 요청
17/03/21 19:15:14 INFO  - user01@naver.com님이 selectFriendList.n 요청
17/03/21 19:15:33 INFO  - user01@naver.com님이 selectGroup.y 요청
17/03/21 19:15:33 INFO  - user01@naver.com님이 selectGroup.y 요청
17/03/21 19:15:46 INFO  - user01@naver.com님이 headmsglist.j 요청
17/03/21 19:15:46 INFO  - user01@naver.com님이 headmsglist.j 요청
17/03/21 19:17:37 INFO  - user01@naver.com님이 selectGroup.y 요청
17/03/21 19:17:37 INFO  - user01@naver.com님이 selectGroup.y 요청
17/03/21 19:17:39 INFO  - user01@naver.com님이 selectGroup.y 요청
17/03/21 19:17:39 INFO  - user01@naver.com님이 selectGroup.y 요청
17/03/21 19:18:18 INFO  - user01@naver.com님이 headmsglist.j 요청
17/03/21 19:18:18 INFO  - user01@naver.com님이 headmsglist.j 요청
17/03/21 19:18:42 INFO  - user01@naver.com님이 selectGroup.y 요청
17/03/21 19:18:42 INFO  - user01@naver.com님이 selectGroup.y 요청
17/03/21 19:20:41 INFO  - user01@naver.com님이 selectGroup.y 요청
17/03/21 19:20:41 INFO  - user01@naver.com님이 selectGroup.y 요청
17/03/21 19:21:57 INFO  - user01@naver.com님이 selectGroup.y 요청
17/03/21 19:21:57 INFO  - user01@naver.com님이 selectGroup.y 요청
17/03/21 19:21:59 INFO  - user01@naver.com님이 selectGroup.y 요청
17/03/21 19:21:59 INFO  - user01@naver.com님이 selectGroup.y 요청
17/03/21 19:23:27 INFO  - user01@naver.com님이 selectGroup.y 요청
17/03/21 19:23:27 INFO  - user01@naver.com님이 selectGroup.y 요청
17/03/21 19:25:26 INFO  - user01@naver.com님이 selectGroup.y 요청
17/03/21 19:25:26 INFO  - user01@naver.com님이 selectGroup.y 요청
17/03/21 19:25:31 INFO  - user01@naver.com님이 selectGroup.y 요청
17/03/21 19:25:31 INFO  - user01@naver.com님이 selectGroup.y 요청
17/03/21 19:25:52 INFO  - user01@naver.com님이 selectGroup.y 요청
17/03/21 19:25:52 INFO  - user01@naver.com님이 selectGroup.y 요청
17/03/21 19:27:10 INFO  - user01@naver.com님이 selectGroup.y 요청
17/03/21 19:27:10 INFO  - user01@naver.com님이 selectGroup.y 요청
17/03/21 19:27:11 INFO  - user01@naver.com님이 selectGroup.y 요청
17/03/21 19:27:11 INFO  - user01@naver.com님이 selectGroup.y 요청
17/03/21 19:27:12 INFO  - user01@naver.com님이 selectGroup.y 요청
17/03/21 19:27:12 INFO  - user01@naver.com님이 selectGroup.y 요청
17/03/21 19:27:50 INFO  - user01@naver.com님이 selectGroup.y 요청
17/03/21 19:27:50 INFO  - user01@naver.com님이 selectGroup.y 요청
17/03/21 19:27:51 INFO  - user01@naver.com님이 selectGroup.y 요청
17/03/21 19:27:51 INFO  - user01@naver.com님이 selectGroup.y 요청
17/03/21 19:27:52 INFO  - user01@naver.com님이 selectGroup.y 요청
17/03/21 19:27:52 INFO  - user01@naver.com님이 selectGroup.y 요청
17/03/21 19:27:54 INFO  - user01@naver.com님이 selectGroup.y 요청
17/03/21 19:27:54 INFO  - user01@naver.com님이 selectGroup.y 요청
17/03/21 20:06:12 INFO  - user01@naver.com님이 selectFriendList.n 요청
17/03/21 20:06:12 INFO  - user01@naver.com님이 selectFriendList.n 요청
17/03/21 20:06:15 INFO  - user01@naver.com님이 brodcasting.j 요청
17/03/21 20:06:15 INFO  - user01@naver.com님이 brodcasting.j 요청
17/03/21 20:06:15 INFO  - 채팅 컨트롤러 접속완료
17/03/21 20:06:15 INFO  - org.apache.tomcat.websocket.WsSession@2d7b22c9접속
17/03/21 20:06:55 INFO  - user01@naver.com님이 brodcasting.j 요청
17/03/21 20:06:55 INFO  - user01@naver.com님이 brodcasting.j 요청
17/03/21 20:06:55 INFO  - 채팅 컨트롤러 접속완료
17/03/21 20:06:56 INFO  - org.apache.tomcat.websocket.WsSession@2d7b22c9나가기
17/03/21 20:06:56 INFO  - org.apache.tomcat.websocket.WsSession@7f63fb1b접속
17/03/21 20:07:23 INFO  - user01@naver.com님이 brodcasting.j 요청
17/03/21 20:07:23 INFO  - user01@naver.com님이 brodcasting.j 요청
17/03/21 20:07:23 INFO  - 채팅 컨트롤러 접속완료
17/03/21 20:07:24 INFO  - org.apache.tomcat.websocket.WsSession@7f63fb1b나가기
17/03/21 20:07:24 INFO  - org.apache.tomcat.websocket.WsSession@76924b1b접속
17/03/21 20:07:57 INFO  - user01@naver.com님이 brodcasting.j 요청
17/03/21 20:07:57 INFO  - user01@naver.com님이 brodcasting.j 요청
17/03/21 20:07:57 INFO  - 채팅 컨트롤러 접속완료
17/03/21 20:07:57 INFO  - org.apache.tomcat.websocket.WsSession@76924b1b나가기
17/03/21 20:07:57 INFO  - org.apache.tomcat.websocket.WsSession@164d5d18접속
17/03/21 20:08:46 INFO  - user01@naver.com님이 brodcasting.j 요청
17/03/21 20:08:46 INFO  - user01@naver.com님이 brodcasting.j 요청
17/03/21 20:08:46 INFO  - 채팅 컨트롤러 접속완료
17/03/21 20:08:46 INFO  - org.apache.tomcat.websocket.WsSession@164d5d18나가기
17/03/21 20:08:46 INFO  - org.apache.tomcat.websocket.WsSession@72cc292접속
17/03/21 20:08:57 INFO  - user01@naver.com님이 brodcasting.j 요청
17/03/21 20:08:57 INFO  - user01@naver.com님이 brodcasting.j 요청
17/03/21 20:08:57 INFO  - 채팅 컨트롤러 접속완료
17/03/21 20:08:57 INFO  - org.apache.tomcat.websocket.WsSession@72cc292나가기
17/03/21 20:08:57 INFO  - org.apache.tomcat.websocket.WsSession@26199060접속
17/03/21 20:09:06 INFO  - user01@naver.com님이 brodcasting.j 요청
17/03/21 20:09:06 INFO  - user01@naver.com님이 brodcasting.j 요청
17/03/21 20:09:06 INFO  - 채팅 컨트롤러 접속완료
17/03/21 20:09:07 INFO  - org.apache.tomcat.websocket.WsSession@26199060나가기
17/03/21 20:09:07 INFO  - org.apache.tomcat.websocket.WsSession@21bcf725접속
17/03/21 20:09:33 INFO  - user01@naver.com님이 brodcasting.j 요청
17/03/21 20:09:33 INFO  - user01@naver.com님이 brodcasting.j 요청
17/03/21 20:09:33 INFO  - 채팅 컨트롤러 접속완료
17/03/21 20:09:33 INFO  - org.apache.tomcat.websocket.WsSession@21bcf725나가기
17/03/21 20:09:33 INFO  - org.apache.tomcat.websocket.WsSession@311c4384접속
17/03/21 20:09:58 INFO  - user01@naver.com님이 brodcasting.j 요청
17/03/21 20:09:58 INFO  - user01@naver.com님이 brodcasting.j 요청
17/03/21 20:09:58 INFO  - 채팅 컨트롤러 접속완료
17/03/21 20:09:58 INFO  - org.apache.tomcat.websocket.WsSession@311c4384나가기
17/03/21 20:09:58 INFO  - org.apache.tomcat.websocket.WsSession@2a53a350접속
17/03/21 20:10:00 INFO  - user01@naver.com님이 brodcasting.j 요청
17/03/21 20:10:00 INFO  - user01@naver.com님이 brodcasting.j 요청
17/03/21 20:10:00 INFO  - 채팅 컨트롤러 접속완료
17/03/21 20:10:00 INFO  - org.apache.tomcat.websocket.WsSession@2a53a350나가기
17/03/21 20:10:01 INFO  - org.apache.tomcat.websocket.WsSession@54529a10접속
17/03/21 20:10:35 INFO  - user01@naver.com님이 brodcasting.j 요청
17/03/21 20:10:35 INFO  - user01@naver.com님이 brodcasting.j 요청
17/03/21 20:10:35 INFO  - 채팅 컨트롤러 접속완료
17/03/21 20:10:35 INFO  - org.apache.tomcat.websocket.WsSession@54529a10나가기
17/03/21 20:10:35 INFO  - org.apache.tomcat.websocket.WsSession@181a28bc접속
17/03/21 20:12:22 INFO  - org.apache.tomcat.websocket.WsSession@181a28bc나가기
17/03/21 20:12:23 INFO  - user01@naver.com님이 selectFriendList.n 요청
17/03/21 20:12:23 INFO  - user01@naver.com님이 selectFriendList.n 요청
17/03/21 20:12:24 INFO  - user01@naver.com님이 headmsglist.j 요청
17/03/21 20:12:24 INFO  - user01@naver.com님이 headmsglist.j 요청
17/03/21 20:12:25 INFO  - user01@naver.com님이 msgreadlist.j 요청
17/03/21 20:12:25 INFO  - user01@naver.com님이 msgreadlist.j 요청
17/03/21 20:12:28 INFO  - user01@naver.com님이 msgbeforewrite.j 요청
17/03/21 20:12:28 INFO  - user01@naver.com님이 msgbeforewrite.j 요청
17/03/21 20:12:30 INFO  - user01@naver.com님이 msgbeforewrite.j 요청
17/03/21 20:12:30 INFO  - user01@naver.com님이 msgbeforewrite.j 요청
17/03/21 20:12:31 INFO  - user01@naver.com님이 autocomresiveid.j 요청
17/03/21 20:12:31 INFO  - user01@naver.com님이 autocomresiveid.j 요청
17/03/21 20:12:32 INFO  - user01@naver.com님이 autocomresiveid.j 요청
17/03/21 20:12:32 INFO  - user01@naver.com님이 autocomresiveid.j 요청
17/03/21 20:12:33 INFO  - user01@naver.com님이 autocomresiveid.j 요청
17/03/21 20:12:33 INFO  - user01@naver.com님이 autocomresiveid.j 요청
17/03/21 20:12:33 INFO  - user01@naver.com님이 autocomresiveid.j 요청
17/03/21 20:12:33 INFO  - user01@naver.com님이 autocomresiveid.j 요청
17/03/21 20:12:35 INFO  - user01@naver.com님이 autocomresiveid.j 요청
17/03/21 20:12:35 INFO  - user01@naver.com님이 autocomresiveid.j 요청
17/03/21 20:12:35 INFO  - user01@naver.com님이 autocomresiveid.j 요청
17/03/21 20:12:35 INFO  - user01@naver.com님이 autocomresiveid.j 요청
17/03/21 20:12:36 INFO  - user01@naver.com님이 autocomresiveid.j 요청
17/03/21 20:12:36 INFO  - user01@naver.com님이 autocomresiveid.j 요청
17/03/21 20:12:36 INFO  - user01@naver.com님이 autocomresiveid.j 요청
17/03/21 20:12:36 INFO  - user01@naver.com님이 autocomresiveid.j 요청
17/03/21 20:12:36 INFO  - user01@naver.com님이 autocomresiveid.j 요청
17/03/21 20:12:36 INFO  - user01@naver.com님이 autocomresiveid.j 요청
17/03/21 20:12:36 INFO  - user01@naver.com님이 autocomresiveid.j 요청
17/03/21 20:12:36 INFO  - user01@naver.com님이 autocomresiveid.j 요청
17/03/21 20:12:36 INFO  - user01@naver.com님이 autocomresiveid.j 요청
17/03/21 20:12:36 INFO  - user01@naver.com님이 autocomresiveid.j 요청
17/03/21 20:12:38 INFO  - user01@naver.com님이 autocomresiveid.j 요청
17/03/21 20:12:38 INFO  - user01@naver.com님이 autocomresiveid.j 요청
17/03/21 20:12:38 INFO  - user01@naver.com님이 autocomresiveid.j 요청
17/03/21 20:12:38 INFO  - user01@naver.com님이 autocomresiveid.j 요청
17/03/21 20:12:39 INFO  - user01@naver.com님이 autocomresiveid.j 요청
17/03/21 20:12:39 INFO  - user01@naver.com님이 autocomresiveid.j 요청
17/03/21 20:12:39 INFO  - user01@naver.com님이 autocomresiveid.j 요청
17/03/21 20:12:39 INFO  - user01@naver.com님이 autocomresiveid.j 요청
17/03/21 20:12:39 INFO  - user01@naver.com님이 autocomresiveid.j 요청
17/03/21 20:12:39 INFO  - user01@naver.com님이 autocomresiveid.j 요청
17/03/21 20:12:40 INFO  - user01@naver.com님이 autocomresiveid.j 요청
17/03/21 20:12:40 INFO  - user01@naver.com님이 autocomresiveid.j 요청
17/03/21 20:12:40 INFO  - user01@naver.com님이 autocomresiveid.j 요청
17/03/21 20:12:40 INFO  - user01@naver.com님이 autocomresiveid.j 요청
17/03/21 20:12:40 INFO  - user01@naver.com님이 autocomresiveid.j 요청
17/03/21 20:12:40 INFO  - user01@naver.com님이 autocomresiveid.j 요청
17/03/21 20:12:40 INFO  - user01@naver.com님이 autocomresiveid.j 요청
17/03/21 20:12:40 INFO  - user01@naver.com님이 autocomresiveid.j 요청
17/03/21 20:12:40 INFO  - user01@naver.com님이 autocomresiveid.j 요청
17/03/21 20:12:40 INFO  - user01@naver.com님이 autocomresiveid.j 요청
17/03/21 20:12:41 INFO  - user01@naver.com님이 autocomresiveid.j 요청
17/03/21 20:12:41 INFO  - user01@naver.com님이 autocomresiveid.j 요청
17/03/21 20:12:41 INFO  - user01@naver.com님이 autocomresiveid.j 요청
17/03/21 20:12:41 INFO  - user01@naver.com님이 autocomresiveid.j 요청
17/03/21 20:12:41 INFO  - user01@naver.com님이 autocomresiveid.j 요청
17/03/21 20:12:41 INFO  - user01@naver.com님이 autocomresiveid.j 요청
17/03/21 20:12:42 INFO  - user01@naver.com님이 autocomresiveid.j 요청
17/03/21 20:12:42 INFO  - user01@naver.com님이 autocomresiveid.j 요청
17/03/21 20:12:43 INFO  - user01@naver.com님이 autocomresiveid.j 요청
17/03/21 20:12:43 INFO  - user01@naver.com님이 autocomresiveid.j 요청
17/03/21 20:12:43 INFO  - user01@naver.com님이 autocomresiveid.j 요청
17/03/21 20:12:43 INFO  - user01@naver.com님이 autocomresiveid.j 요청
17/03/21 20:12:43 INFO  - user01@naver.com님이 autocomresiveid.j 요청
17/03/21 20:12:43 INFO  - user01@naver.com님이 autocomresiveid.j 요청
17/03/21 20:12:44 INFO  - user01@naver.com님이 autocomresiveid.j 요청
17/03/21 20:12:44 INFO  - user01@naver.com님이 autocomresiveid.j 요청
17/03/21 20:37:56 INFO  - user01@naver.com님이 selectFriendList.n 요청
17/03/21 20:37:56 INFO  - user01@naver.com님이 selectFriendList.n 요청
17/03/21 20:37:57 INFO  - user01@naver.com님이 brodcasting.j 요청
17/03/21 20:37:57 INFO  - user01@naver.com님이 brodcasting.j 요청
17/03/21 20:37:57 INFO  - 채팅 컨트롤러 접속완료
17/03/21 20:37:57 INFO  - org.apache.tomcat.websocket.WsSession@7acec2a8접속
17/03/21 20:39:38 INFO  - user01@naver.com님이 brodcasting.j 요청
17/03/21 20:39:38 INFO  - user01@naver.com님이 brodcasting.j 요청
17/03/21 20:39:38 INFO  - 채팅 컨트롤러 접속완료
17/03/21 20:39:38 INFO  - org.apache.tomcat.websocket.WsSession@7acec2a8나가기
17/03/21 20:39:39 INFO  - org.apache.tomcat.websocket.WsSession@6dff07a8접속
17/03/21 20:39:59 INFO  - user01@naver.com님이 brodcasting.j 요청
17/03/21 20:39:59 INFO  - user01@naver.com님이 brodcasting.j 요청
17/03/21 20:39:59 INFO  - 채팅 컨트롤러 접속완료
17/03/21 20:39:59 INFO  - org.apache.tomcat.websocket.WsSession@6dff07a8나가기
17/03/21 20:39:59 INFO  - org.apache.tomcat.websocket.WsSession@28bb1e5d접속
17/03/21 20:43:11 INFO  - user01@naver.com님이 brodcasting.j 요청
17/03/21 20:43:11 INFO  - user01@naver.com님이 brodcasting.j 요청
17/03/21 20:43:11 INFO  - 채팅 컨트롤러 접속완료
17/03/21 20:43:12 INFO  - org.apache.tomcat.websocket.WsSession@28bb1e5d나가기
17/03/21 20:43:12 INFO  - org.apache.tomcat.websocket.WsSession@aa6c268접속
17/03/21 20:43:12 INFO  - user01@naver.com님이 brodcasting.j 요청
17/03/21 20:43:12 INFO  - user01@naver.com님이 brodcasting.j 요청
17/03/21 20:43:12 INFO  - 채팅 컨트롤러 접속완료
17/03/21 20:43:12 INFO  - org.apache.tomcat.websocket.WsSession@aa6c268나가기
17/03/21 20:43:12 INFO  - org.apache.tomcat.websocket.WsSession@780b51b접속
17/03/21 20:43:21 INFO  - org.apache.tomcat.websocket.WsSession@780b51b나가기
17/03/21 20:43:21 INFO  - user01@naver.com님이 selectFriendList.n 요청
17/03/21 20:43:21 INFO  - user01@naver.com님이 selectFriendList.n 요청
17/03/21 20:43:23 INFO  - user01@naver.com님이 selectGroupList.y 요청
17/03/21 20:43:23 INFO  - user01@naver.com님이 selectGroupList.y 요청
17/03/21 20:43:27 INFO  - user01@naver.com님이 selectFriendList.n 요청
17/03/21 20:43:27 INFO  - user01@naver.com님이 selectFriendList.n 요청
17/03/21 20:43:28 INFO  - user01@naver.com님이 brodcasting.j 요청
17/03/21 20:43:28 INFO  - user01@naver.com님이 brodcasting.j 요청
17/03/21 20:43:28 INFO  - 채팅 컨트롤러 접속완료
17/03/21 20:43:28 INFO  - org.apache.tomcat.websocket.WsSession@46a1a0a1접속
17/03/21 20:46:48 INFO  - user01@naver.com님이 brodcasting.j 요청
17/03/21 20:46:48 INFO  - user01@naver.com님이 brodcasting.j 요청
17/03/21 20:46:48 INFO  - 채팅 컨트롤러 접속완료
17/03/21 20:46:48 INFO  - org.apache.tomcat.websocket.WsSession@46a1a0a1나가기
17/03/21 20:46:48 INFO  - org.apache.tomcat.websocket.WsSession@34648601접속
17/03/21 20:47:37 INFO  - user01@naver.com님이 brodcasting.j 요청
17/03/21 20:47:37 INFO  - user01@naver.com님이 brodcasting.j 요청
17/03/21 20:47:37 INFO  - 채팅 컨트롤러 접속완료
17/03/21 20:47:37 INFO  - org.apache.tomcat.websocket.WsSession@34648601나가기
17/03/21 20:47:37 INFO  - org.apache.tomcat.websocket.WsSession@33022c47접속
17/03/21 20:47:52 INFO  - user01@naver.com님이 brodcasting.j 요청
17/03/21 20:47:52 INFO  - user01@naver.com님이 brodcasting.j 요청
17/03/21 20:47:52 INFO  - 채팅 컨트롤러 접속완료
17/03/21 20:47:52 INFO  - org.apache.tomcat.websocket.WsSession@33022c47나가기
17/03/21 20:47:52 INFO  - org.apache.tomcat.websocket.WsSession@22096fa9접속
17/03/21 20:48:22 INFO  - user01@naver.com님이 brodcasting.j 요청
17/03/21 20:48:22 INFO  - user01@naver.com님이 brodcasting.j 요청
17/03/21 20:48:22 INFO  - 채팅 컨트롤러 접속완료
17/03/21 20:48:22 INFO  - org.apache.tomcat.websocket.WsSession@22096fa9나가기
17/03/21 20:48:22 INFO  - org.apache.tomcat.websocket.WsSession@47aa2d80접속
17/03/21 20:49:40 INFO  - user01@naver.com님이 brodcasting.j 요청
17/03/21 20:49:40 INFO  - user01@naver.com님이 brodcasting.j 요청
17/03/21 20:49:40 INFO  - 채팅 컨트롤러 접속완료
17/03/21 20:49:40 INFO  - org.apache.tomcat.websocket.WsSession@47aa2d80나가기
17/03/21 20:49:40 INFO  - org.apache.tomcat.websocket.WsSession@40ad3ea2접속
17/03/21 20:49:57 INFO  - user01@naver.com님이 brodcasting.j 요청
17/03/21 20:49:57 INFO  - user01@naver.com님이 brodcasting.j 요청
17/03/21 20:49:57 INFO  - 채팅 컨트롤러 접속완료
17/03/21 20:49:58 INFO  - org.apache.tomcat.websocket.WsSession@40ad3ea2나가기
17/03/21 20:49:58 INFO  - org.apache.tomcat.websocket.WsSession@382effcf접속
17/03/21 20:50:01 INFO  - user01@naver.com님이 brodcasting.j 요청
17/03/21 20:50:01 INFO  - user01@naver.com님이 brodcasting.j 요청
17/03/21 20:50:01 INFO  - 채팅 컨트롤러 접속완료
17/03/21 20:50:01 INFO  - org.apache.tomcat.websocket.WsSession@382effcf나가기
17/03/21 20:50:01 INFO  - org.apache.tomcat.websocket.WsSession@7d2a44ae접속
17/03/21 20:50:22 INFO  - user01@naver.com님이 brodcasting.j 요청
17/03/21 20:50:22 INFO  - user01@naver.com님이 brodcasting.j 요청
17/03/21 20:50:22 INFO  - 채팅 컨트롤러 접속완료
17/03/21 20:50:22 INFO  - org.apache.tomcat.websocket.WsSession@7d2a44ae나가기
17/03/21 20:50:22 INFO  - org.apache.tomcat.websocket.WsSession@7bf258f7접속
17/03/21 20:51:58 INFO  - user01@naver.com님이 brodcasting.j 요청
17/03/21 20:51:58 INFO  - user01@naver.com님이 brodcasting.j 요청
17/03/21 20:51:58 INFO  - 채팅 컨트롤러 접속완료
17/03/21 20:51:58 INFO  - org.apache.tomcat.websocket.WsSession@7bf258f7나가기
17/03/21 20:51:58 INFO  - org.apache.tomcat.websocket.WsSession@789fce72접속
17/03/21 20:52:38 INFO  - user01@naver.com님이 brodcasting.j 요청
17/03/21 20:52:38 INFO  - user01@naver.com님이 brodcasting.j 요청
17/03/21 20:52:38 INFO  - 채팅 컨트롤러 접속완료
17/03/21 20:52:38 INFO  - org.apache.tomcat.websocket.WsSession@789fce72나가기
17/03/21 20:52:38 INFO  - org.apache.tomcat.websocket.WsSession@443eef18접속
17/03/21 20:52:39 INFO  - user01@naver.com님이 brodcasting.j 요청
17/03/21 20:52:39 INFO  - user01@naver.com님이 brodcasting.j 요청
17/03/21 20:52:39 INFO  - 채팅 컨트롤러 접속완료
17/03/21 20:52:39 INFO  - org.apache.tomcat.websocket.WsSession@443eef18나가기
17/03/21 20:52:39 INFO  - org.apache.tomcat.websocket.WsSession@2a1f5202접속
17/03/21 20:52:42 INFO  - user01@naver.com님이 brodcasting.j 요청
17/03/21 20:52:42 INFO  - user01@naver.com님이 brodcasting.j 요청
17/03/21 20:52:42 INFO  - 채팅 컨트롤러 접속완료
17/03/21 20:52:42 INFO  - org.apache.tomcat.websocket.WsSession@2a1f5202나가기
17/03/21 20:52:45 INFO  - org.apache.tomcat.websocket.WsSession@a1f9ad8접속
17/03/21 20:53:06 INFO  - user01@naver.com님이 brodcasting.j 요청
17/03/21 20:53:06 INFO  - user01@naver.com님이 brodcasting.j 요청
17/03/21 20:53:06 INFO  - 채팅 컨트롤러 접속완료
17/03/21 20:53:06 INFO  - org.apache.tomcat.websocket.WsSession@a1f9ad8나가기
17/03/21 20:53:06 INFO  - org.apache.tomcat.websocket.WsSession@22c01951접속
17/03/21 20:53:32 INFO  - user01@naver.com님이 brodcasting.j 요청
17/03/21 20:53:32 INFO  - user01@naver.com님이 brodcasting.j 요청
17/03/21 20:53:32 INFO  - 채팅 컨트롤러 접속완료
17/03/21 20:53:32 INFO  - org.apache.tomcat.websocket.WsSession@22c01951나가기
17/03/21 20:53:33 INFO  - org.apache.tomcat.websocket.WsSession@241773a0접속
17/03/21 20:54:04 INFO  - user01@naver.com님이 brodcasting.j 요청
17/03/21 20:54:04 INFO  - user01@naver.com님이 brodcasting.j 요청
17/03/21 20:54:04 INFO  - 채팅 컨트롤러 접속완료
17/03/21 20:54:04 INFO  - org.apache.tomcat.websocket.WsSession@241773a0나가기
17/03/21 20:54:04 INFO  - org.apache.tomcat.websocket.WsSession@429a948e접속
17/03/21 20:54:34 INFO  - user01@naver.com님이 brodcasting.j 요청
17/03/21 20:54:34 INFO  - user01@naver.com님이 brodcasting.j 요청
17/03/21 20:54:34 INFO  - 채팅 컨트롤러 접속완료
17/03/21 20:54:34 INFO  - org.apache.tomcat.websocket.WsSession@429a948e나가기
17/03/21 20:54:34 INFO  - org.apache.tomcat.websocket.WsSession@32ce513c접속
17/03/21 20:54:54 INFO  - user01@naver.com님이 brodcasting.j 요청
17/03/21 20:54:54 INFO  - user01@naver.com님이 brodcasting.j 요청
17/03/21 20:54:54 INFO  - 채팅 컨트롤러 접속완료
17/03/21 20:54:54 INFO  - org.apache.tomcat.websocket.WsSession@32ce513c나가기
17/03/21 20:54:54 INFO  - org.apache.tomcat.websocket.WsSession@47618784접속
17/03/21 20:55:19 INFO  - user01@naver.com님이 brodcasting.j 요청
17/03/21 20:55:19 INFO  - user01@naver.com님이 brodcasting.j 요청
17/03/21 20:55:19 INFO  - 채팅 컨트롤러 접속완료
17/03/21 20:55:19 INFO  - org.apache.tomcat.websocket.WsSession@47618784나가기
17/03/21 20:55:19 INFO  - org.apache.tomcat.websocket.WsSession@189eba00접속
17/03/21 20:55:58 INFO  - user01@naver.com님이 brodcasting.j 요청
17/03/21 20:55:58 INFO  - user01@naver.com님이 brodcasting.j 요청
17/03/21 20:55:58 INFO  - 채팅 컨트롤러 접속완료
17/03/21 20:55:58 INFO  - org.apache.tomcat.websocket.WsSession@189eba00나가기
17/03/21 20:55:58 INFO  - org.apache.tomcat.websocket.WsSession@5113add2접속
17/03/21 20:56:37 INFO  - user01@naver.com님이 brodcasting.j 요청
17/03/21 20:56:37 INFO  - user01@naver.com님이 brodcasting.j 요청
17/03/21 20:56:37 INFO  - 채팅 컨트롤러 접속완료
17/03/21 20:56:37 INFO  - org.apache.tomcat.websocket.WsSession@5113add2나가기
17/03/21 20:56:37 INFO  - org.apache.tomcat.websocket.WsSession@19127761접속
17/03/21 20:57:16 INFO  - user01@naver.com님이 brodcasting.j 요청
17/03/21 20:57:16 INFO  - user01@naver.com님이 brodcasting.j 요청
17/03/21 20:57:16 INFO  - 채팅 컨트롤러 접속완료
17/03/21 20:57:16 INFO  - org.apache.tomcat.websocket.WsSession@19127761나가기
17/03/21 20:57:16 INFO  - org.apache.tomcat.websocket.WsSession@66379937접속
17/03/21 20:57:42 INFO  - user01@naver.com님이 brodcasting.j 요청
17/03/21 20:57:42 INFO  - user01@naver.com님이 brodcasting.j 요청
17/03/21 20:57:42 INFO  - 채팅 컨트롤러 접속완료
17/03/21 20:57:42 INFO  - org.apache.tomcat.websocket.WsSession@66379937나가기
17/03/21 20:57:42 INFO  - org.apache.tomcat.websocket.WsSession@45f16289접속
17/03/21 20:57:58 INFO  - user01@naver.com님이 brodcasting.j 요청
17/03/21 20:57:58 INFO  - user01@naver.com님이 brodcasting.j 요청
17/03/21 20:57:58 INFO  - 채팅 컨트롤러 접속완료
17/03/21 20:57:58 INFO  - org.apache.tomcat.websocket.WsSession@45f16289나가기
17/03/21 20:57:58 INFO  - org.apache.tomcat.websocket.WsSession@520711접속
17/03/21 20:58:01 INFO  - user01@naver.com님이 brodcasting.j 요청
17/03/21 20:58:01 INFO  - user01@naver.com님이 brodcasting.j 요청
17/03/21 20:58:01 INFO  - 채팅 컨트롤러 접속완료
17/03/21 20:58:01 INFO  - org.apache.tomcat.websocket.WsSession@520711나가기
17/03/21 20:58:01 INFO  - org.apache.tomcat.websocket.WsSession@5acc6a13접속
17/03/21 20:58:29 INFO  - user01@naver.com님이 brodcasting.j 요청
17/03/21 20:58:29 INFO  - user01@naver.com님이 brodcasting.j 요청
17/03/21 20:58:29 INFO  - 채팅 컨트롤러 접속완료
17/03/21 20:58:29 INFO  - org.apache.tomcat.websocket.WsSession@5acc6a13나가기
17/03/21 20:58:29 INFO  - org.apache.tomcat.websocket.WsSession@519e52d7접속
17/03/21 21:01:18 INFO  - user01@naver.com님이 brodcasting.j 요청
17/03/21 21:01:18 INFO  - user01@naver.com님이 brodcasting.j 요청
17/03/21 21:01:18 INFO  - 채팅 컨트롤러 접속완료
17/03/21 21:01:18 INFO  - org.apache.tomcat.websocket.WsSession@519e52d7나가기
17/03/21 21:01:18 INFO  - org.apache.tomcat.websocket.WsSession@5f71221접속
17/03/21 21:03:07 INFO  - user01@naver.com님이 brodcasting.j 요청
17/03/21 21:03:07 INFO  - user01@naver.com님이 brodcasting.j 요청
17/03/21 21:03:07 INFO  - 채팅 컨트롤러 접속완료
17/03/21 21:03:07 INFO  - org.apache.tomcat.websocket.WsSession@5f71221나가기
17/03/21 21:03:07 INFO  - org.apache.tomcat.websocket.WsSession@34ecfd5f접속
17/03/21 21:04:14 INFO  - user01@naver.com님이 brodcasting.j 요청
17/03/21 21:04:14 INFO  - user01@naver.com님이 brodcasting.j 요청
17/03/21 21:04:14 INFO  - 채팅 컨트롤러 접속완료
17/03/21 21:04:14 INFO  - org.apache.tomcat.websocket.WsSession@34ecfd5f나가기
17/03/21 21:04:14 INFO  - org.apache.tomcat.websocket.WsSession@6932f544접속
17/03/21 21:17:21 INFO  - org.apache.tomcat.websocket.WsSession@6932f544나가기
17/03/21 21:17:22 INFO  - user01@naver.com님이 selectFriendList.n 요청
17/03/21 21:17:22 INFO  - user01@naver.com님이 selectFriendList.n 요청
17/03/21 21:17:23 INFO  - user01@naver.com님이 headmsglist.j 요청
17/03/21 21:17:23 INFO  - user01@naver.com님이 headmsglist.j 요청
17/03/21 21:17:24 INFO  - user01@naver.com님이 headmsglist.j 요청
17/03/21 21:17:24 INFO  - user01@naver.com님이 headmsglist.j 요청
17/03/21 21:17:24 INFO  - user01@naver.com님이 headmsglist.j 요청
17/03/21 21:17:24 INFO  - user01@naver.com님이 headmsglist.j 요청
17/03/21 21:17:25 INFO  - user01@naver.com님이 headmsglist.j 요청
17/03/21 21:17:25 INFO  - user01@naver.com님이 headmsglist.j 요청
17/03/21 21:21:37 INFO  - user01@naver.com님이 selectFriendList.n 요청
17/03/21 21:21:37 INFO  - user01@naver.com님이 selectFriendList.n 요청
17/03/21 21:21:38 INFO  - user01@naver.com님이 headmsglist.j 요청
17/03/21 21:21:38 INFO  - user01@naver.com님이 headmsglist.j 요청
17/03/21 21:22:10 INFO  - user01@naver.com님이 selectFriendList.n 요청
17/03/21 21:22:10 INFO  - user01@naver.com님이 selectFriendList.n 요청
17/03/21 21:22:11 INFO  - user01@naver.com님이 selectFriendList.n 요청
17/03/21 21:22:11 INFO  - user01@naver.com님이 selectFriendList.n 요청
17/03/21 21:22:15 INFO  - user01@naver.com님이 headmsglist.j 요청
17/03/21 21:22:15 INFO  - user01@naver.com님이 headmsglist.j 요청
17/03/21 21:22:21 INFO  - user01@naver.com님이 headmsglist.j 요청
17/03/21 21:22:21 INFO  - user01@naver.com님이 headmsglist.j 요청
17/03/21 21:22:22 INFO  - user01@naver.com님이 headmsglist.j 요청
17/03/21 21:22:22 INFO  - user01@naver.com님이 headmsglist.j 요청
17/03/21 21:22:22 INFO  - user01@naver.com님이 headmsglist.j 요청
17/03/21 21:22:22 INFO  - user01@naver.com님이 headmsglist.j 요청
17/03/21 21:22:30 INFO  - user01@naver.com님이 msgheaddetail.j 요청
17/03/21 21:22:30 INFO  - user01@naver.com님이 msgheaddetail.j 요청
17/03/21 21:22:31 INFO  - user01@naver.com님이 msgheaddetail.j 요청
17/03/21 21:22:31 INFO  - user01@naver.com님이 msgheaddetail.j 요청
17/03/21 21:22:33 INFO  - user01@naver.com님이 headmsglist.j 요청
17/03/21 21:22:33 INFO  - user01@naver.com님이 headmsglist.j 요청
17/03/21 21:22:34 INFO  - user01@naver.com님이 headmsglist.j 요청
17/03/21 21:22:34 INFO  - user01@naver.com님이 headmsglist.j 요청
17/03/21 21:22:34 INFO  - user01@naver.com님이 headmsglist.j 요청
17/03/21 21:22:34 INFO  - user01@naver.com님이 headmsglist.j 요청
17/03/21 21:22:35 INFO  - user01@naver.com님이 msgheaddetail.j 요청
17/03/21 21:22:35 INFO  - user01@naver.com님이 msgheaddetail.j 요청
17/03/21 21:22:36 INFO  - user01@naver.com님이 headmsglist.j 요청
17/03/21 21:22:36 INFO  - user01@naver.com님이 headmsglist.j 요청
17/03/21 21:22:37 INFO  - user01@naver.com님이 headmsglist.j 요청
17/03/21 21:22:37 INFO  - user01@naver.com님이 headmsglist.j 요청
17/03/21 21:25:25 INFO  - user01@naver.com님이 msgheaddetail.j 요청
17/03/21 21:25:25 INFO  - user01@naver.com님이 msgheaddetail.j 요청
17/03/21 21:25:28 INFO  - user01@naver.com님이 headmsglist.j 요청
17/03/21 21:25:28 INFO  - user01@naver.com님이 headmsglist.j 요청
17/03/21 21:25:29 INFO  - user01@naver.com님이 msgheaddetail.j 요청
17/03/21 21:25:29 INFO  - user01@naver.com님이 msgheaddetail.j 요청
17/03/21 21:25:31 INFO  - user01@naver.com님이 msgheaddetail.j 요청
17/03/21 21:25:31 INFO  - user01@naver.com님이 msgheaddetail.j 요청
17/03/21 21:25:43 INFO  - user01@naver.com님이 headmsglist.j 요청
17/03/21 21:25:43 INFO  - user01@naver.com님이 headmsglist.j 요청
17/03/21 21:25:48 INFO  - user01@naver.com님이 headmsglist.j 요청
17/03/21 21:25:48 INFO  - user01@naver.com님이 headmsglist.j 요청
17/03/21 21:26:07 INFO  - user01@naver.com님이 msgheaddetail.j 요청
17/03/21 21:26:07 INFO  - user01@naver.com님이 msgheaddetail.j 요청
17/03/21 21:26:12 INFO  - user01@naver.com님이 msgheaddetail.j 요청
17/03/21 21:26:12 INFO  - user01@naver.com님이 msgheaddetail.j 요청
17/03/21 21:26:17 INFO  - user01@naver.com님이 alink.do 요청
17/03/21 21:26:17 INFO  - user01@naver.com님이 alink.do 요청
17/03/21 21:26:19 INFO  - user01@naver.com님이 selectFriendList.n 요청
17/03/21 21:26:19 INFO  - user01@naver.com님이 selectFriendList.n 요청
17/03/21 21:26:19 INFO  - user01@naver.com님이 headmsglist.j 요청
17/03/21 21:26:19 INFO  - user01@naver.com님이 headmsglist.j 요청
17/03/21 21:26:23 INFO  - user01@naver.com님이 alink.do 요청
17/03/21 21:26:23 INFO  - user01@naver.com님이 alink.do 요청
17/03/21 21:26:24 INFO  - user01@naver.com님이 selectFriendList.n 요청
17/03/21 21:26:24 INFO  - user01@naver.com님이 selectFriendList.n 요청
17/03/21 21:26:25 INFO  - user01@naver.com님이 headmsglist.j 요청
17/03/21 21:26:25 INFO  - user01@naver.com님이 headmsglist.j 요청
17/03/21 21:26:29 INFO  - user01@naver.com님이 msgheaddetail.j 요청
17/03/21 21:26:29 INFO  - user01@naver.com님이 msgheaddetail.j 요청
17/03/21 21:27:35 INFO  - user01@naver.com님이 msgheaddetail.j 요청
17/03/21 21:27:35 INFO  - user01@naver.com님이 msgheaddetail.j 요청
17/03/21 21:27:36 INFO  - user01@naver.com님이 headmsglist.j 요청
17/03/21 21:27:36 INFO  - user01@naver.com님이 headmsglist.j 요청
17/03/21 21:27:42 INFO  - user01@naver.com님이 msgheaddetail.j 요청
17/03/21 21:27:42 INFO  - user01@naver.com님이 msgheaddetail.j 요청
17/03/21 21:27:43 INFO  - user01@naver.com님이 msgheaddetail.j 요청
17/03/21 21:27:43 INFO  - user01@naver.com님이 msgheaddetail.j 요청
17/03/21 21:27:44 INFO  - user01@naver.com님이 msgheaddetail.j 요청
17/03/21 21:27:44 INFO  - user01@naver.com님이 msgheaddetail.j 요청
17/03/21 21:27:44 INFO  - user01@naver.com님이 msgheaddetail.j 요청
17/03/21 21:27:44 INFO  - user01@naver.com님이 msgheaddetail.j 요청
17/03/21 21:27:45 INFO  - user01@naver.com님이 msgheaddetail.j 요청
17/03/21 21:27:45 INFO  - user01@naver.com님이 msgheaddetail.j 요청
17/03/21 21:27:45 INFO  - user01@naver.com님이 msgheaddetail.j 요청
17/03/21 21:27:45 INFO  - user01@naver.com님이 msgheaddetail.j 요청
17/03/21 21:27:52 INFO  - user01@naver.com님이 msgbeforewrite.j 요청
17/03/21 21:27:52 INFO  - user01@naver.com님이 msgbeforewrite.j 요청
17/03/21 21:27:53 INFO  - user01@naver.com님이 msgreadlist.j 요청
17/03/21 21:27:53 INFO  - user01@naver.com님이 msgreadlist.j 요청
17/03/21 21:27:56 INFO  - user01@naver.com님이 headmsglist.j 요청
17/03/21 21:27:56 INFO  - user01@naver.com님이 headmsglist.j 요청
17/03/21 21:28:05 INFO  - user01@naver.com님이 headmsglist.j 요청
17/03/21 21:28:05 INFO  - user01@naver.com님이 headmsglist.j 요청
17/03/21 21:28:22 INFO  - user01@naver.com님이 msgsendlist.j 요청
17/03/21 21:28:22 INFO  - user01@naver.com님이 msgsendlist.j 요청
